Release 14.7 - ngc2edif P.20131013 (lin64)
Copyright (c) 1995-2013 Xilinx, Inc.  All rights reserved.
Reading design experiment.ngc ...
WARNING:NetListWriters:298 - No output is written to experiment.xncf, ignored.
Processing design ...
   Preping design's networks ...
   Preping design's macros ...
WARNING:NetListWriters:306 - Signal bus c/PC[5 : 0] on block experiment is not
   reconstructed, because there are some missing bus signals.
WARNING:NetListWriters:306 - Signal bus c/inst_code[31 : 0] on block experiment
   is not reconstructed, because there are some missing bus signals.
WARNING:NetListWriters:306 - Signal bus c/a/ALU_OP[2]_GND_11_o_wide_mux_9_OUT[31
   : 0] on block experiment is not reconstructed, because there are some missing
   bus signals.
  finished :Prep
Writing EDIF netlist file experiment.edif ...
ngc2edif: Total memory usage is 110184 kilobytes

Release 14.7 - ngc2edif P.20131013 (lin64)
Copyright (c) 1995-2013 Xilinx, Inc.  All rights reserved.
Reading design inst_mem.ngc ...
WARNING:NetListWriters:298 - No output is written to inst_mem.xncf, ignored.
Processing design ...
   Preping design's networks ...
   Preping design's macros ...
  finished :Prep
Writing EDIF netlist file inst_mem.edif ...
ngc2edif: Total memory usage is 103576 kilobytes

