INFO:sim:172 - Generating IP...
Applying current project options...
Finished applying current project options.
WARNING:sim - A core named 'inst_mem' already exists in the project. Output
   products for this core may be overwritten.
Resolving generics for 'inst_mem'...
WARNING:sim - A core named 'inst_mem' already exists in the project. Output
   products for this core may be overwritten.
Applying external generics to 'inst_mem'...
Delivering associated files for 'inst_mem'...
Delivering EJava files for 'inst_mem'...
Generating implementation netlist for 'inst_mem'...
INFO:sim - Pre-processing HDL files for 'inst_mem'...
Running synthesis for 'inst_mem'
Running ngcbuild...
Writing VEO instantiation template for 'inst_mem'...
Writing Verilog behavioral simulation model for 'inst_mem'...
WARNING:sim - Overwriting existing file
   /home/james/code/FPGA-mips/exp8-r-instruction/ipcore_dir/tmp/_cg/inst_mem/doc
   /blk_mem_gen_v7_3_vinfo.html with file from view xilinx_documentation
Delivered 1 file into directory
/home/james/code/FPGA-mips/exp8-r-instruction/ipcore_dir/tmp/_cg/inst_mem
Generating ASY schematic symbol...
INFO:sim:949 - Finished generation of ASY schematic symbol.
Generating SYM schematic symbol for 'inst_mem'...
Generating metadata file...
Regenerating ISE project file for 'inst_mem'...
Generating ISE project...
XCO file found: inst_mem.xco
XMDF file found: inst_mem_xmdf.tcl
Adding
/home/james/code/FPGA-mips/exp8-r-instruction/ipcore_dir/tmp/_cg/inst_mem.asy
-view all -origin_type imported
Adding
/home/james/code/FPGA-mips/exp8-r-instruction/ipcore_dir/tmp/_cg/inst_mem.ngc
-view all -origin_type created
Checking file
"/home/james/code/FPGA-mips/exp8-r-instruction/ipcore_dir/tmp/_cg/inst_mem.ngc"
for project device match ...
File
"/home/james/code/FPGA-mips/exp8-r-instruction/ipcore_dir/tmp/_cg/inst_mem.ngc"
device information matches project device.
Adding
/home/james/code/FPGA-mips/exp8-r-instruction/ipcore_dir/tmp/_cg/inst_mem.sym
-view all -origin_type imported
Adding
/home/james/code/FPGA-mips/exp8-r-instruction/ipcore_dir/tmp/_cg/inst_mem.v
-view all -origin_type created
INFO:HDLCompiler:1845 - Analyzing Verilog file
   "/home/james/code/FPGA-mips/exp8-r-instruction/ipcore_dir/tmp/_cg/inst_mem.v"
   into library work
INFO:ProjectMgmt - Parsing design hierarchy completed successfully.
Adding
/home/james/code/FPGA-mips/exp8-r-instruction/ipcore_dir/tmp/_cg/inst_mem.veo
-view all -origin_type imported
INFO:TclTasksC:2116 - The automatic calculation of top has been turned-off.
   Please set the new top explicitly by running the "project set top" command.
   To re-calculate the new top automatically, set the "Auto Implementation Top"
   property to true.
Top level has been set to "/inst_mem"
Generating README file...
Generating FLIST file...
INFO:sim:948 - Finished FLIST file generation.
Launching README viewer...
Moving files to output directory...
Finished moving files to output directory
Wrote CGP file for project 'inst_mem'.
